<?xml version="1.0" encoding="UTF-8"?>
<!-- Generated by org.testng.reporters.JUnitXMLReporter -->
<testsuite ignored="2" hostname="LAKSHMI-PC" failures="0" tests="1" name="Default test" time="0.072" errors="0" timestamp="2021-03-18T21:41:14 IST">
  <testcase classname="com.java.math.MultiScenarios1" name="localDate2" time="0.031"/>
  <testcase classname="com.java.math.MultiScenarios1" name="localDate1" time="0.0">
    <ignored/>
  </testcase> <!-- localDate1 -->
  <testcase classname="com.java.math.MultiScenarios1" name="convertDemo" time="0.0">
    <ignored/>
  </testcase> <!-- convertDemo -->
</testsuite> <!-- Default test -->
