<?xml version="1.0" encoding="UTF-8"?>
<!-- Generated by org.testng.reporters.JUnitXMLReporter -->
<testsuite ignored="26" hostname="LAKSHMI-PC" failures="0" tests="1" name="Default test" time="0.062" errors="0" timestamp="2021-03-13T22:35:18 IST">
  <testcase classname="com.java.math.MultiScenarios" name="sampleRun" time="0.015"/>
  <testcase classname="com.java.math.MultiScenarios" name="bigInteger2" time="0.0">
    <ignored/>
  </testcase> <!-- bigInteger2 -->
  <testcase classname="com.java.math.MultiScenarios" name="removeSpaceFromStr" time="0.0">
    <ignored/>
  </testcase> <!-- removeSpaceFromStr -->
  <testcase classname="com.java.math.MultiScenarios" name="bigInteger1" time="0.0">
    <ignored/>
  </testcase> <!-- bigInteger1 -->
  <testcase classname="com.java.math.MultiScenarios" name="numberFormat" time="0.0">
    <ignored/>
  </testcase> <!-- numberFormat -->
  <testcase classname="com.java.math.MultiScenarios" name="numberPattern" time="0.0">
    <ignored/>
  </testcase> <!-- numberPattern -->
  <testcase classname="com.java.math.MultiScenarios" name="currencyFormat" time="0.0">
    <ignored/>
  </testcase> <!-- currencyFormat -->
  <testcase classname="com.java.math.MultiScenarios" name="isAnagram" time="0.0">
    <ignored/>
  </testcase> <!-- isAnagram -->
  <testcase classname="com.java.math.MultiScenarios" name="sum" time="0.0">
    <ignored/>
  </testcase> <!-- sum -->
  <testcase classname="com.java.math.MultiScenarios" name="stringSort1" time="0.0">
    <ignored/>
  </testcase> <!-- stringSort1 -->
  <testcase classname="com.java.math.MultiScenarios" name="pyramidPattern3" time="0.0">
    <ignored/>
  </testcase> <!-- pyramidPattern3 -->
  <testcase classname="com.java.math.MultiScenarios" name="pyramidPattern1" time="0.0">
    <ignored/>
  </testcase> <!-- pyramidPattern1 -->
  <testcase classname="com.java.math.MultiScenarios" name="multiplesOfNum" time="0.0">
    <ignored/>
  </testcase> <!-- multiplesOfNum -->
  <testcase classname="com.java.math.MultiScenarios" name="pyramidPattern4" time="0.0">
    <ignored/>
  </testcase> <!-- pyramidPattern4 -->
  <testcase classname="com.java.math.MultiScenarios" name="pyramidPattern2" time="0.0">
    <ignored/>
  </testcase> <!-- pyramidPattern2 -->
  <testcase classname="com.java.math.MultiScenarios" name="trianglePattern" time="0.0">
    <ignored/>
  </testcase> <!-- trianglePattern -->
  <testcase classname="com.java.math.MultiScenarios" name="patternRegex" time="0.0">
    <ignored/>
  </testcase> <!-- patternRegex -->
  <testcase classname="com.java.math.MultiScenarios" name="mirrorTriangle" time="0.0">
    <ignored/>
  </testcase> <!-- mirrorTriangle -->
  <testcase classname="com.java.math.MultiScenarios" name="stringSort" time="0.0">
    <ignored/>
  </testcase> <!-- stringSort -->
  <testcase classname="com.java.math.MultiScenarios" name="revPyramid" time="0.0">
    <ignored/>
  </testcase> <!-- revPyramid -->
  <testcase classname="com.java.math.MultiScenarios" name="strPolindrome" time="0.0">
    <ignored/>
  </testcase> <!-- strPolindrome -->
  <testcase classname="com.java.math.MultiScenarios" name="numberPatternNoReassign" time="0.0">
    <ignored/>
  </testcase> <!-- numberPatternNoReassign -->
  <testcase classname="com.java.math.MultiScenarios" name="endOfFile" time="0.0">
    <ignored/>
  </testcase> <!-- endOfFile -->
  <testcase classname="com.java.math.MultiScenarios" name="ipAddPattern" time="0.0">
    <ignored/>
  </testcase> <!-- ipAddPattern -->
  <testcase classname="com.java.math.MultiScenarios" name="patternDemo" time="0.0">
    <ignored/>
  </testcase> <!-- patternDemo -->
  <testcase classname="com.java.math.MultiScenarios" name="minMaxArray" time="0.0">
    <ignored/>
  </testcase> <!-- minMaxArray -->
  <testcase classname="com.java.math.MultiScenarios" name="stringDemo" time="0.0">
    <ignored/>
  </testcase> <!-- stringDemo -->
</testsuite> <!-- Default test -->
