<?xml version="1.0" encoding="UTF-8"?>
<!-- Generated by org.testng.reporters.JUnitXMLReporter -->
<testsuite ignored="0" hostname="LAKSHMI-PC" failures="0" tests="6" name="Regression" time="19.524" errors="0" timestamp="2020-09-07T17:01:29 IST">
  <testcase classname="com.selenium.testNG.TestNGFeatures" name="m1" time="0.013"/>
  <testcase classname="com.selenium.testNG.TestNGFeatures" name="m2" time="0.002"/>
  <testcase classname="com.selenium.testNG.TestNGFeatures" name="m3" time="0.001"/>
  <testcase classname="com.selenium.testNG.TestNGFeatures" name="m4" time="0.002"/>
  <testcase classname="com.selenium.testNG.BasicTestinTestNG" name="inputTest" time="1.333"/>
  <testcase classname="com.selenium.testNG.BasicTestinTestNG" name="titleTest" time="1.351"/>
</testsuite> <!-- Regression -->
