<?xml version="1.0" encoding="UTF-8"?>
<testng-results ignored="26" total="27" passed="1" failed="0" skipped="0">
  <reporter-output>
  </reporter-output>
  <suite started-at="2021-03-13T22:35:18 IST" name="Default suite" finished-at="2021-03-13T22:35:18 IST" duration-ms="62">
    <groups>
    </groups>
    <test started-at="2021-03-13T22:35:18 IST" name="Default test" finished-at="2021-03-13T22:35:18 IST" duration-ms="62">
      <class name="com.java.math.MultiScenarios">
        <test-method signature="sampleRun()[pri:0, instance:com.java.math.MultiScenarios@6b8ca3c8]" started-at="2021-03-13T22:35:18 IST" name="sampleRun" finished-at="2021-03-13T22:35:18 IST" duration-ms="15" status="PASS">
          <reporter-output>
          </reporter-output>
        </test-method> <!-- sampleRun -->
      </class> <!-- com.java.math.MultiScenarios -->
    </test> <!-- Default test -->
  </suite> <!-- Default suite -->
</testng-results>
